[2020-04-23 11:14:20] [ INFO ] [GotprojectApplication:114] Ruta: L: N N O N N O S O O N N O S S S S S E E E E E 
[2020-04-23 11:14:20] [ INFO ] [GotprojectApplication:114] Ruta: S: S S E E N E N E S E S S O S E E 
[2020-04-23 11:14:20] [ INFO ] [GotprojectApplication:114] Ruta: B: N N N E S E N N E N E E S S S S S 
[2020-04-23 11:14:20] [ INFO ] [GotprojectApplication:114] Ruta: T: E S S S O S E E N E S S E E 
[2020-04-23 11:14:20] [ INFO ] [GotprojectApplication:71] datos csv[[Ljava.lang.String;@6eebaaee, [Ljava.lang.String;@7745c187, [Ljava.lang.String;@692d6115, [Ljava.lang.String;@6d62314a, [Ljava.lang.String;@5e6d4ad2]
[2020-04-23 11:14:26] [ INFO ] [Mapa:24] (turno:1)
[2020-04-23 11:14:26] [ INFO ] [Mapa:25] (mapa:0)
[2020-04-23 11:14:32] [ INFO ] [Mapa:24] (turno:2)
[2020-04-23 11:14:32] [ INFO ] [Mapa:25] (mapa:0)
[2020-04-23 11:17:53] [ INFO ] [GotprojectApplication:114] Ruta: L: N N O N N O S O O N N O S S S S S E E E E E 
[2020-04-23 11:17:53] [ INFO ] [GotprojectApplication:114] Ruta: S: S S E E N E N E S E S S O S E E 
[2020-04-23 11:17:53] [ INFO ] [GotprojectApplication:114] Ruta: B: N N N E S E N N E N E E S S S S S 
[2020-04-23 11:17:54] [ INFO ] [GotprojectApplication:114] Ruta: T: E S S S O S E E N E S S E E 
[2020-04-23 11:17:54] [ INFO ] [GotprojectApplication:71] datos csv[[Ljava.lang.String;@13f9bd7e, [Ljava.lang.String;@7a730a49, [Ljava.lang.String;@4c318dc5, [Ljava.lang.String;@171759d7, [Ljava.lang.String;@495b1406]
[2020-04-23 11:18:01] [ INFO ] [Mapa:24] (turno:1)
[2020-04-23 11:18:01] [ INFO ] [Mapa:25] (mapa:0)
[2020-04-23 11:31:48] [ INFO ] [Mapa:75] salatrono 0
[2020-04-23 11:31:48] [ INFO ] [Mapa:75] salatrono 0
[2020-04-23 11:33:58] [ INFO ] [Mapa:75] salatrono 0
[2020-04-23 11:33:58] [ INFO ] [Mapa:75] salatrono 0
[2020-04-23 11:35:49] [ INFO ] [Mapa:75] salatrono 0
[2020-04-23 11:35:49] [ INFO ] [Mapa:75] salatrono 0
[2020-04-23 11:37:19] [ INFO ] [Mapa:75] salatrono 0
[2020-04-23 11:37:19] [ INFO ] [Mapa:75] salatrono 0
[2020-04-23 11:46:24] [ INFO ] [GotprojectApplication:77] salatrono 0
[2020-04-23 12:13:09] [ INFO ] [GotprojectApplication:77] salatrono 35
[2020-04-23 12:13:17] [ INFO ] [GotprojectApplication:115] Ruta: L: N N O N N O S O O N N O S S S S S E E E E E 
[2020-04-23 12:13:17] [ INFO ] [GotprojectApplication:115] Ruta: S: S S E E N E N E S E S S O S E E 
[2020-04-23 12:13:17] [ INFO ] [GotprojectApplication:115] Ruta: B: N N N E S E N N E N E E S S S S S 
[2020-04-23 12:13:17] [ INFO ] [GotprojectApplication:115] Ruta: T: E S S S O S E E N E S S E E 
[2020-04-23 12:13:17] [ INFO ] [GotprojectApplication:71] datos csv[[Ljava.lang.String;@1459c923, [Ljava.lang.String;@4b8789c1, [Ljava.lang.String;@1e1a99da, [Ljava.lang.String;@403ab63a, [Ljava.lang.String;@1af06fcf]
[2020-04-23 12:13:21] [ INFO ] [Mapa:27] (turno:1)
[2020-04-23 12:13:21] [ INFO ] [Mapa:28] (mapa:35)
[2020-04-23 12:13:21] [ INFO ] [Sala:59] sala 0
[2020-04-23 12:13:21] [ INFO ] [Sala:59] sala 1
[2020-04-23 12:13:21] [ INFO ] [Sala:59] sala 2
[2020-04-23 12:13:21] [ INFO ] [Sala:59] sala 3
[2020-04-23 12:13:21] [ INFO ] [Sala:59] sala 4
[2020-04-23 12:13:21] [ INFO ] [Sala:59] sala 5
[2020-04-23 12:13:21] [ INFO ] [Sala:59] sala 6
[2020-04-23 12:13:21] [ INFO ] [Sala:59] sala 7
[2020-04-23 12:13:21] [ INFO ] [Sala:59] sala 8
[2020-04-23 12:13:21] [ INFO ] [Sala:59] sala 9
[2020-04-23 12:13:21] [ INFO ] [Sala:59] sala 10
[2020-04-23 12:13:21] [ INFO ] [Sala:59] sala 11
[2020-04-23 12:13:21] [ INFO ] [Sala:59] sala 12
[2020-04-23 12:13:21] [ INFO ] [Sala:59] sala 13
[2020-04-23 12:13:21] [ INFO ] [Sala:59] sala 14
[2020-04-23 12:13:21] [ INFO ] [Sala:59] sala 15
[2020-04-23 12:13:21] [ INFO ] [Sala:59] sala 16
[2020-04-23 12:13:21] [ INFO ] [Sala:59] sala 17
[2020-04-23 12:13:21] [ INFO ] [Sala:59] sala 18
[2020-04-23 12:13:21] [ INFO ] [Sala:59] sala 19
[2020-04-23 12:13:21] [ INFO ] [Sala:59] sala 20
[2020-04-23 12:13:21] [ INFO ] [Sala:59] sala 21
[2020-04-23 12:13:21] [ INFO ] [Sala:59] sala 22
[2020-04-23 12:13:21] [ INFO ] [Sala:59] sala 23
[2020-04-23 12:13:21] [ INFO ] [Sala:59] sala 24
[2020-04-23 12:13:21] [ INFO ] [Sala:59] sala 25
[2020-04-23 12:13:21] [ INFO ] [Sala:59] sala 26
[2020-04-23 12:13:21] [ INFO ] [Sala:59] sala 27
[2020-04-23 12:13:21] [ INFO ] [Sala:59] sala 28
[2020-04-23 12:13:21] [ INFO ] [Sala:59] sala 29
[2020-04-23 12:13:21] [ INFO ] [Sala:59] sala 30
[2020-04-23 12:13:21] [ INFO ] [Sala:59] sala 31
[2020-04-23 12:13:21] [ INFO ] [Sala:59] sala 32
[2020-04-23 12:13:21] [ INFO ] [Sala:59] sala 33
[2020-04-23 12:13:21] [ INFO ] [Sala:59] sala 34
[2020-04-23 12:13:21] [ INFO ] [Sala:59] sala 35
[2020-04-23 12:13:30] [ INFO ] [Mapa:27] (turno:2)
[2020-04-23 12:13:30] [ INFO ] [Mapa:28] (mapa:35)
[2020-04-23 12:13:30] [ INFO ] [Sala:59] sala 0
[2020-04-23 12:13:30] [ INFO ] [Sala:59] sala 1
[2020-04-23 12:13:30] [ INFO ] [Sala:59] sala 2
[2020-04-23 12:13:30] [ INFO ] [Sala:59] sala 3
[2020-04-23 12:13:30] [ INFO ] [Sala:59] sala 4
[2020-04-23 12:13:30] [ INFO ] [Sala:59] sala 5
[2020-04-23 12:13:30] [ INFO ] [Sala:59] sala 6
[2020-04-23 12:13:30] [ INFO ] [Sala:59] sala 7
[2020-04-23 12:13:30] [ INFO ] [Sala:59] sala 8
[2020-04-23 12:13:30] [ INFO ] [Sala:59] sala 9
[2020-04-23 12:13:30] [ INFO ] [Sala:59] sala 10
[2020-04-23 12:13:30] [ INFO ] [Sala:59] sala 11
[2020-04-23 12:13:30] [ INFO ] [Sala:59] sala 12
[2020-04-23 12:13:30] [ INFO ] [Sala:59] sala 13
[2020-04-23 12:13:30] [ INFO ] [Sala:59] sala 14
[2020-04-23 12:13:30] [ INFO ] [Sala:59] sala 15
[2020-04-23 12:13:30] [ INFO ] [Sala:59] sala 16
[2020-04-23 12:13:30] [ INFO ] [Sala:59] sala 17
[2020-04-23 12:13:30] [ INFO ] [Sala:59] sala 18
[2020-04-23 12:13:30] [ INFO ] [Sala:59] sala 19
[2020-04-23 12:13:30] [ INFO ] [Sala:59] sala 20
[2020-04-23 12:13:30] [ INFO ] [Sala:59] sala 21
[2020-04-23 12:13:30] [ INFO ] [Sala:59] sala 22
[2020-04-23 12:13:30] [ INFO ] [Sala:59] sala 23
[2020-04-23 12:13:30] [ INFO ] [Sala:59] sala 24
[2020-04-23 12:13:30] [ INFO ] [Sala:59] sala 25
[2020-04-23 12:13:30] [ INFO ] [Sala:59] sala 26
[2020-04-23 12:13:30] [ INFO ] [Sala:59] sala 27
[2020-04-23 12:13:30] [ INFO ] [Sala:59] sala 28
[2020-04-23 12:13:30] [ INFO ] [Sala:59] sala 29
[2020-04-23 12:13:30] [ INFO ] [Sala:59] sala 30
[2020-04-23 12:13:30] [ INFO ] [Personajes:84] personaje: com.example.gotproject.Baratheon@16dbe2a1 sala actual30turno actual2
[2020-04-23 12:13:30] [ INFO ] [Sala:59] sala 31
[2020-04-23 12:13:30] [ INFO ] [Sala:59] sala 32
[2020-04-23 12:13:30] [ INFO ] [Sala:59] sala 33
[2020-04-23 12:13:30] [ INFO ] [Sala:59] sala 34
[2020-04-23 12:13:30] [ INFO ] [Sala:59] sala 35
[2020-04-23 12:13:43] [ INFO ] [Mapa:27] (turno:3)
[2020-04-23 12:13:43] [ INFO ] [Mapa:28] (mapa:35)
[2020-04-23 12:13:43] [ INFO ] [Sala:59] sala 0
[2020-04-23 12:13:43] [ INFO ] [Personajes:84] personaje: com.example.gotproject.Stark@7b7572e1 sala actual0turno actual3
[2020-04-23 12:13:43] [ INFO ] [Personajes:84] personaje: com.example.gotproject.Targaryen@75b293ff sala actual0turno actual3
[2020-04-23 12:13:43] [ INFO ] [Sala:59] sala 1
[2020-04-23 12:13:43] [ INFO ] [Sala:59] sala 2
[2020-04-23 12:13:43] [ INFO ] [Sala:59] sala 3
[2020-04-23 12:13:43] [ INFO ] [Sala:59] sala 4
[2020-04-23 12:13:43] [ INFO ] [Sala:59] sala 5
[2020-04-23 12:13:43] [ INFO ] [Sala:59] sala 6
[2020-04-23 12:13:43] [ INFO ] [Sala:59] sala 7
[2020-04-23 12:13:43] [ INFO ] [Sala:59] sala 8
[2020-04-23 12:13:43] [ INFO ] [Sala:59] sala 9
[2020-04-23 12:13:43] [ INFO ] [Sala:59] sala 10
[2020-04-23 12:13:43] [ INFO ] [Sala:59] sala 11
[2020-04-23 12:13:43] [ INFO ] [Sala:59] sala 12
[2020-04-23 12:13:43] [ INFO ] [Sala:59] sala 13
[2020-04-23 12:13:43] [ INFO ] [Sala:59] sala 14
[2020-04-23 12:13:43] [ INFO ] [Sala:59] sala 15
[2020-04-23 12:13:43] [ INFO ] [Sala:59] sala 16
[2020-04-23 12:13:43] [ INFO ] [Sala:59] sala 17
[2020-04-23 12:13:43] [ INFO ] [Sala:59] sala 18
[2020-04-23 12:13:43] [ INFO ] [Sala:59] sala 19
[2020-04-23 12:13:43] [ INFO ] [Sala:59] sala 20
[2020-04-23 12:13:43] [ INFO ] [Sala:59] sala 21
[2020-04-23 12:13:43] [ INFO ] [Sala:59] sala 22
[2020-04-23 12:13:43] [ INFO ] [Sala:59] sala 23
[2020-04-23 12:13:43] [ INFO ] [Sala:59] sala 24
[2020-04-23 12:13:43] [ INFO ] [Personajes:84] personaje: com.example.gotproject.Baratheon@16dbe2a1 sala actual24turno actual3
[2020-04-23 12:13:43] [ INFO ] [Sala:59] sala 25
[2020-04-23 12:13:43] [ INFO ] [Sala:59] sala 26
[2020-04-23 12:13:43] [ INFO ] [Sala:59] sala 27
[2020-04-23 12:13:43] [ INFO ] [Sala:59] sala 28
[2020-04-23 12:13:43] [ INFO ] [Sala:59] sala 29
[2020-04-23 12:13:43] [ INFO ] [Sala:59] sala 30
[2020-04-23 12:13:43] [ INFO ] [Sala:59] sala 31
[2020-04-23 12:13:43] [ INFO ] [Sala:59] sala 32
[2020-04-23 12:13:43] [ INFO ] [Sala:59] sala 33
[2020-04-23 12:13:43] [ INFO ] [Sala:59] sala 34
[2020-04-23 12:13:43] [ INFO ] [Sala:59] sala 35
